[LOG] SystemI::init                            : FMOD Studio Version: 00010815 (82192)
[LOG] SystemI::init                            : maxchannels = 1024, flags = 00030000, extradriverdata = 0000000000000000
[LOG] SystemI::close                           : 
[LOG] SystemI::close                           : Stop all sounds
[LOG] SystemI::close                           : done.

[LOG] OutputWASAPI::init                       : Mix Format (WAVEFORMATEX): wFormatTag=0xFFFE, nChannels=2, nSamplesPerSec=48000, nAvgBytesPerSec=384000, nBlockAlign=8, wBitsPerSample=32, cbSize=22.
[LOG] OutputWASAPI::init                       : Mix Format (WAVEFORMATEXTENSIBLE): wValidBitsPerSample=32, dwChannelMask=0x00000003, SubFormat=00000003-0000-0010-8000-00AA00389B71.
[LOG] OutputWASAPI::init                       : Output buffer size: 4096 samples, latency: 10.67ms, period: 10.00ms, DSP buffer: 1024 * 4
[LOG] Thread::initThread                       : Initializing FMOD mixer thread.  priority 3
[LOG] Thread::initThread                       : - Stacksize 49152.  Stack pointer 0000000000000000 : usesemaphore = 0 : sleeptime = 0
[LOG] Thread::callback                         : * FMOD mixer thread started
[LOG] SystemI::init                            : Set up emulated output
[LOG] SystemI::init                            : create the channel pool
[LOG] Thread::initThread                       : Initializing FMOD stream thread.  priority 2
[LOG] Thread::initThread                       : - Stacksize 65536.  Stack pointer 0000000000000000 : usesemaphore = 0 : sleeptime = 10
[LOG] Thread::callback                         : * FMOD stream thread started
[LOG] Thread::initThread                       : Initializing FMOD Studio update thread.  priority 0
[LOG] Thread::initThread                       : - Stacksize 65536.  Stack pointer 0000000000000000 : usesemaphore = 0 : sleeptime = 1
[LOG] Thread::callback                         : * FMOD Studio update thread started
[LOG] Thread::initThread                       : Initializing FMOD Studio sample load thread.  priority 0
[LOG] Thread::initThread                       : - Stacksize 65536.  Stack pointer 0000000000000000 : usesemaphore = 0 : sleeptime = 1
[LOG] Thread::callback                         : * FMOD Studio sample load thread started
[LOG] LiveUpdate::init                         : 
[LOG] Thread::initThread                       : Initializing FMOD Studio bank load thread.  priority 0
[LOG] Thread::initThread                       : - Stacksize 65536.  Stack pointer 0000000000000000 : usesemaphore = 0 : sleeptime = 1
[LOG] Thread::callback                         : * FMOD Studio bank load thread started
[LOG] Profile::init                            : Profiler listening on port: 9264
[LOG] Manager::readBank                        : fileversion = 80, compatVersion = 70 (oldest = 44, newest = 80)
[LOG] Manager::readBank                        : fileversion = 80, compatVersion = 70 (oldest = 44, newest = 80)
[LOG] PlaybackSystem::acquireMasterBus         : Setting master channel group format to 3
[LOG] SystemI::createSound                     : filename = Assets\Resources\Sounds\Concerto\Build\Desktop/Master Bank.bank : mode 02010082
[LOG] SystemI::createSound                     : FMOD_NONBLOCKING specified.  Putting into queue to be opened asynchronously!
[LOG] Thread::initThread                       : Initializing FMOD nonblocking thread (0).  priority 1
[LOG] Thread::initThread                       : - Stacksize 81920.  Stack pointer 0000000000000000 : usesemaphore = 1 : sleeptime = 0
[LOG] Thread::callback                         : * FMOD nonblocking thread (0) started
[LOG] SystemI::createSound                     : setdata soundi = 000000001656B1A8 : node = 00000000164CDB00
[LOG] SystemI::createSound                     : add node to async list : head = 000000002D7C7658.  list count = 0
[LOG] AsyncThread::threadFunc                  : Starting Asynchronous operation on sound 000000001656B1A8
[LOG] SystemI::createSoundInternal             :     filename = Assets\Resources\Sounds\Concerto\Build\Desktop/Master Bank.bank : mode 02010082
[LOG] SystemI::createSoundInternal             :     exinfo->cbsize             = 232
[LOG] SystemI::createSoundInternal             :     exinfo->length             = 12819680
[LOG] SystemI::createSoundInternal             :     exinfo->fileoffset         = 27328
[LOG] SystemI::createSoundInternal             :     exinfo->numsubsounds       = 1
[LOG] SystemI::createSoundInternal             :     exinfo->inclusionlist      = 00000000164CDC18
[LOG] SystemI::createSoundInternal             :     exinfo->inclusionlistnum   = 1
[LOG] SystemI::createSoundInternal             :     exinfo->suggestedsoundtype = 5
[LOG] SystemI::createSoundInternal             :     exinfo->initialseekpostype = 1
[LOG] SystemI::createSoundInternal             :     Format has 1 subsounds.
[LOG] SystemI::createSoundInternal             :     Create as FMOD_CREATESTREAM
[LOG] System::createSoundInternal              :     decode buffersize = 19200 : blocksize = 256 : format = 2
[LOG] SystemI::createSample                    :     mode 02010082 length 19200 samples, lengthbytes 427360
[LOG] SystemI::createSample                    :     channels = 2
[LOG] SystemI::createSample                    :     output = 000000002DCB8498
[LOG] OutputSoftware::createSample             :     lengthpcm 19200, lengthbytes 427360, channels 2, format 2, freq 48000, mode 0201008a
[LOG] System::createSoundInternal              :     1 subsounds detected.
[LOG] System::createSoundInternal              :     Seek stream to start
[LOG] System::createSoundInternal              :     flush stream buffer
[LOG] System::createSoundInternal              :     flush successful.
[LOG] System::createSoundInternal              :     switch file handle from small blocking single buffered to large nonblocking doublebuffered.
[LOG] Thread::initThread                       :         Initializing FMOD file thread.  priority 1
[LOG] Thread::initThread                       :         - Stacksize 16384.  Stack pointer 0000000000000000 : usesemaphore = 0 : sleeptime = 10
[LOG] Thread::callback                         :         * FMOD file thread started
[LOG] SystemI::createSoundInternal             :     done.  OpenState now = FMOD_OPENSTATE_READY.

[LOG] AsyncThread::threadFunc                  : Finished Asynchronous operation on sound 000000001656B1A8
[LOG] SoundI::getSubSound                      : sound 000000001656B1A8.  Subsound index 0 / 1
[LOG] SystemI::createSoundInternal             : filename =  : mode 02000202
[LOG] SystemI::createSoundInternal             : exinfo->cbsize             = 232
[LOG] SystemI::createSoundInternal             : exinfo->length             = 12819680
[LOG] SystemI::createSoundInternal             : exinfo->fileoffset         = 27328
[LOG] SystemI::createSoundInternal             : exinfo->numsubsounds       = 1
[LOG] SystemI::createSoundInternal             : exinfo->inclusionlist      = 00000000358CFB38
[LOG] SystemI::createSoundInternal             : exinfo->inclusionlistnum   = 1
[LOG] SystemI::createSoundInternal             : exinfo->suggestedsoundtype = 5
[LOG] SystemI::createSoundInternal             : exinfo->useropen           = 00007FFA42EE5130
[LOG] SystemI::createSoundInternal             : exinfo->userclose          = 00007FFA42EE5100
[LOG] SystemI::createSoundInternal             : exinfo->userread           = 00007FFA42EE5200
[LOG] SystemI::createSoundInternal             : exinfo->userseek           = 00007FFA42EE52B0
[LOG] SystemI::createSoundInternal             : exinfo->fileuserdata       = 000000002DB45F78
[LOG] SystemI::createSoundInternal             : exinfo->initialseekpostype = 1
[LOG] SystemI::createSoundInternal             : Format has 1 subsounds.
[LOG] SystemI::createSoundInternal             : Create as FMOD_CREATESAMPLE
[LOG] SystemI::createSoundInternal             : Multi-sample sound (1 subsounds), create a sample container.
[LOG] SystemI::createSoundInternal             : creating subsound 0/1
[LOG] SystemI::createSample                    : mode 02000202 length 48000 samples, lengthbytes 5952
[LOG] SystemI::createSample                    : channels = 2
[LOG] SystemI::createSample                    : output = 000000002DCB8498
[LOG] OutputSoftware::createSample             : lengthpcm 48000, lengthbytes 5952, channels 2, format 2, freq 48000, mode 0200020a
[LOG] SystemI::createSoundInternal             : No name found in file, use filename.
[LOG] SystemI::createSoundInternal             : done.  OpenState now = FMOD_OPENSTATE_READY.

[LOG] SystemI::createSoundInternal             : filename =  : mode 02000202
[LOG] SystemI::createSoundInternal             : exinfo->cbsize             = 232
[LOG] SystemI::createSoundInternal             : exinfo->length             = 12819680
[LOG] SystemI::createSoundInternal             : exinfo->fileoffset         = 27328
[LOG] SystemI::createSoundInternal             : exinfo->numsubsounds       = 1
[LOG] SystemI::createSoundInternal             : exinfo->inclusionlist      = 00000000358CFB38
[LOG] SystemI::createSoundInternal             : exinfo->inclusionlistnum   = 1
[LOG] SystemI::createSoundInternal             : exinfo->suggestedsoundtype = 5
[LOG] SystemI::createSoundInternal             : exinfo->useropen           = 00007FFA42EE5130
[LOG] SystemI::createSoundInternal             : exinfo->userclose          = 00007FFA42EE5100
[LOG] SystemI::createSoundInternal             : exinfo->userread           = 00007FFA42EE5200
[LOG] SystemI::createSoundInternal             : exinfo->userseek           = 00007FFA42EE52B0
[LOG] SystemI::createSoundInternal             : exinfo->fileuserdata       = 000000002DB46198
[LOG] SystemI::createSoundInternal             : exinfo->initialseekpostype = 1
[LOG] SystemI::createSoundInternal             : Format has 1 subsounds.
[LOG] SystemI::createSoundInternal             : Create as FMOD_CREATESAMPLE
[LOG] SystemI::createSoundInternal             : Multi-sample sound (1 subsounds), create a sample container.
[LOG] SystemI::createSoundInternal             : creating subsound 0/1
[LOG] SystemI::createSample                    : mode 02000202 length 42336 samples, lengthbytes 7584
[LOG] SystemI::createSample                    : channels = 1
[LOG] SystemI::createSample                    : output = 000000002DCB8498
[LOG] OutputSoftware::createSample             : lengthpcm 42336, lengthbytes 7584, channels 1, format 2, freq 48000, mode 0200020a
[LOG] SystemI::createSoundInternal             : No name found in file, use filename.
[LOG] SystemI::createSoundInternal             : done.  OpenState now = FMOD_OPENSTATE_READY.

[LOG] SystemI::createSoundInternal             : filename =  : mode 02000202
[LOG] SystemI::createSoundInternal             : exinfo->cbsize             = 232
[LOG] SystemI::createSoundInternal             : exinfo->length             = 12819680
[LOG] SystemI::createSoundInternal             : exinfo->fileoffset         = 27328
[LOG] SystemI::createSoundInternal             : exinfo->numsubsounds       = 1
[LOG] SystemI::createSoundInternal             : exinfo->inclusionlist      = 00000000358CFB38
[LOG] SystemI::createSoundInternal             : exinfo->inclusionlistnum   = 1
[LOG] SystemI::createSoundInternal             : exinfo->suggestedsoundtype = 5
[LOG] SystemI::createSoundInternal             : exinfo->useropen           = 00007FFA42EE5130
[LOG] SystemI::createSoundInternal             : exinfo->userclose          = 00007FFA42EE5100
[LOG] SystemI::createSoundInternal             : exinfo->userread           = 00007FFA42EE5200
[LOG] SystemI::createSoundInternal             : exinfo->userseek           = 00007FFA42EE52B0
[LOG] SystemI::createSoundInternal             : exinfo->fileuserdata       = 000000002DB421D8
[LOG] SystemI::createSoundInternal             : exinfo->initialseekpostype = 1
[LOG] SystemI::createSoundInternal             : Format has 1 subsounds.
[LOG] SystemI::createSoundInternal             : Create as FMOD_CREATESAMPLE
[LOG] SystemI::createSoundInternal             : Multi-sample sound (1 subsounds), create a sample container.
[LOG] SystemI::createSoundInternal             : creating subsound 0/1
[LOG] SystemI::createSample                    : mode 02000202 length 119641 samples, lengthbytes 24928
[LOG] SystemI::createSample                    : channels = 2
[LOG] SystemI::createSample                    : output = 000000002DCB8498
[LOG] OutputSoftware::createSample             : lengthpcm 119641, lengthbytes 24928, channels 2, format 2, freq 48000, mode 0200020a
[LOG] SystemI::createSoundInternal             : No name found in file, use filename.
[LOG] SystemI::createSoundInternal             : done.  OpenState now = FMOD_OPENSTATE_READY.

[LOG] SystemI::createSoundInternal             : filename =  : mode 02000202
[LOG] SystemI::createSoundInternal             : exinfo->cbsize             = 232
[LOG] SystemI::createSoundInternal             : exinfo->length             = 12819680
[LOG] SystemI::createSoundInternal             : exinfo->fileoffset         = 27328
[LOG] SystemI::createSoundInternal             : exinfo->numsubsounds       = 1
[LOG] SystemI::createSoundInternal             : exinfo->inclusionlist      = 00000000358CFB38
[LOG] SystemI::createSoundInternal             : exinfo->inclusionlistnum   = 1
[LOG] SystemI::createSoundInternal             : exinfo->suggestedsoundtype = 5
[LOG] SystemI::createSoundInternal             : exinfo->useropen           = 00007FFA42EE5130
[LOG] SystemI::createSoundInternal             : exinfo->userclose          = 00007FFA42EE5100
[LOG] SystemI::createSoundInternal             : exinfo->userread           = 00007FFA42EE5200
[LOG] SystemI::createSoundInternal             : exinfo->userseek           = 00007FFA42EE52B0
[LOG] SystemI::createSoundInternal             : exinfo->fileuserdata       = 000000002DB421D8
[LOG] SystemI::createSoundInternal             : exinfo->initialseekpostype = 1
[LOG] SystemI::createSoundInternal             : Format has 1 subsounds.
[LOG] SystemI::createSoundInternal             : Create as FMOD_CREATESAMPLE
[LOG] SystemI::createSoundInternal             : Multi-sample sound (1 subsounds), create a sample container.
[LOG] SystemI::createSoundInternal             : creating subsound 0/1
[LOG] SystemI::createSample                    : mode 02000202 length 229253 samples, lengthbytes 56192
[LOG] SystemI::createSample                    : channels = 2
[LOG] SystemI::createSample                    : output = 000000002DCB8498
[LOG] OutputSoftware::createSample             : lengthpcm 229253, lengthbytes 56192, channels 2, format 2, freq 48000, mode 0200020a
[LOG] SystemI::createSoundInternal             : No name found in file, use filename.
[LOG] SystemI::createSoundInternal             : done.  OpenState now = FMOD_OPENSTATE_READY.

[LOG] SystemI::createSoundInternal             : filename =  : mode 02000202
[LOG] SystemI::createSoundInternal             : exinfo->cbsize             = 232
[LOG] SystemI::createSoundInternal             : exinfo->length             = 12819680
[LOG] SystemI::createSoundInternal             : exinfo->fileoffset         = 27328
[LOG] SystemI::createSoundInternal             : exinfo->numsubsounds       = 1
[LOG] SystemI::createSoundInternal             : exinfo->inclusionlist      = 00000000358CFB38
[LOG] SystemI::createSoundInternal             : exinfo->inclusionlistnum   = 1
[LOG] SystemI::createSoundInternal             : exinfo->suggestedsoundtype = 5
[LOG] SystemI::createSoundInternal             : exinfo->useropen           = 00007FFA42EE5130
[LOG] SystemI::createSoundInternal             : exinfo->userclose          = 00007FFA42EE5100
[LOG] SystemI::createSoundInternal             : exinfo->userread           = 00007FFA42EE5200
[LOG] SystemI::createSoundInternal             : exinfo->userseek           = 00007FFA42EE52B0
[LOG] SystemI::createSoundInternal             : exinfo->fileuserdata       = 000000002DB421D8
[LOG] SystemI::createSoundInternal             : exinfo->initialseekpostype = 1
[LOG] SystemI::createSoundInternal             : Format has 1 subsounds.
[LOG] SystemI::createSoundInternal             : Create as FMOD_CREATESAMPLE
[LOG] SystemI::createSoundInternal             : Multi-sample sound (1 subsounds), create a sample container.
[LOG] SystemI::createSoundInternal             : creating subsound 0/1
[LOG] SystemI::createSample                    : mode 02000202 length 171940 samples, lengthbytes 45056
[LOG] SystemI::createSample                    : channels = 2
[LOG] SystemI::createSample                    : output = 000000002DCB8498
[LOG] OutputSoftware::createSample             : lengthpcm 171940, lengthbytes 45056, channels 2, format 2, freq 48000, mode 0200020a
[LOG] SystemI::createSoundInternal             : No name found in file, use filename.
[LOG] SystemI::createSoundInternal             : done.  OpenState now = FMOD_OPENSTATE_READY.

[LOG] SystemI::createSoundInternal             : filename =  : mode 02000202
[LOG] SystemI::createSoundInternal             : exinfo->cbsize             = 232
[LOG] SystemI::createSoundInternal             : exinfo->length             = 12819680
[LOG] SystemI::createSoundInternal             : exinfo->fileoffset         = 27328
[LOG] SystemI::createSoundInternal             : exinfo->numsubsounds       = 1
[LOG] SystemI::createSoundInternal             : exinfo->inclusionlist      = 00000000358CFB38
[LOG] SystemI::createSoundInternal             : exinfo->inclusionlistnum   = 1
[LOG] SystemI::createSoundInternal             : exinfo->suggestedsoundtype = 5
[LOG] SystemI::createSoundInternal             : exinfo->useropen           = 00007FFA42EE5130
[LOG] SystemI::createSoundInternal             : exinfo->userclose          = 00007FFA42EE5100
[LOG] SystemI::createSoundInternal             : exinfo->userread           = 00007FFA42EE5200
[LOG] SystemI::createSoundInternal             : exinfo->userseek           = 00007FFA42EE52B0
[LOG] SystemI::createSoundInternal             : exinfo->fileuserdata       = 000000002DB421D8
[LOG] SystemI::createSoundInternal             : exinfo->initialseekpostype = 1
[LOG] SystemI::createSoundInternal             : Format has 1 subsounds.
[LOG] SystemI::createSoundInternal             : Create as FMOD_CREATESAMPLE
[LOG] SystemI::createSoundInternal             : Multi-sample sound (1 subsounds), create a sample container.
[LOG] SystemI::createSoundInternal             : creating subsound 0/1
[LOG] SystemI::createSample                    : mode 02000202 length 171940 samples, lengthbytes 33920
[LOG] SystemI::createSample                    : channels = 2
[LOG] SystemI::createSample                    : output = 000000002DCB8498
[LOG] OutputSoftware::createSample             : lengthpcm 171940, lengthbytes 33920, channels 2, format 2, freq 48000, mode 0200020a
[LOG] SystemI::createSoundInternal             : No name found in file, use filename.
[LOG] SystemI::createSoundInternal             : done.  OpenState now = FMOD_OPENSTATE_READY.

[LOG] SystemI::createSound                     : filename = Assets\Resources\Sounds\Concerto\Build\Desktop/Master Bank.bank : mode 02010082
[LOG] SystemI::createSound                     : FMOD_NONBLOCKING specified.  Putting into queue to be opened asynchronously!
[LOG] SystemI::createSound                     : setdata soundi = 000000001656A4A8 : node = 00000000164CC8A0
[LOG] SystemI::createSound                     : add node to async list : head = 000000002D7C7658.  list count = 0
[LOG] AsyncThread::threadFunc                  : Starting Asynchronous operation on sound 000000001656A4A8
[LOG] SystemI::createSoundInternal             :     filename = Assets\Resources\Sounds\Concerto\Build\Desktop/Master Bank.bank : mode 02010082
[LOG] SystemI::createSoundInternal             :     exinfo->cbsize             = 232
[LOG] SystemI::createSoundInternal             :     exinfo->length             = 12819680
[LOG] SystemI::createSoundInternal             :     exinfo->fileoffset         = 27328
[LOG] SystemI::createSoundInternal             :     exinfo->numsubsounds       = 1
[LOG] SystemI::createSoundInternal             :     exinfo->inclusionlist      = 00000000164CC9B8
[LOG] SystemI::createSoundInternal             :     exinfo->inclusionlistnum   = 1
[LOG] SystemI::createSoundInternal             :     exinfo->suggestedsoundtype = 5
[LOG] SystemI::createSoundInternal             :     exinfo->initialseekposition = 47900
[LOG] SystemI::createSoundInternal             :     exinfo->initialseekpostype = 1
[LOG] SystemI::createSoundInternal             :     filename =  : mode 02000202
[LOG] SystemI::createSoundInternal             :     exinfo->cbsize             = 232
[LOG] SystemI::createSoundInternal             :     exinfo->length             = 12819680
[LOG] SystemI::createSoundInternal             :     exinfo->fileoffset         = 27328
[LOG] SystemI::createSoundInternal             :     exinfo->numsubsounds       = 1
[LOG] SystemI::createSoundInternal             :     exinfo->inclusionlist      = 00000000358CFB38
[LOG] SystemI::createSoundInternal             :     exinfo->inclusionlistnum   = 1
[LOG] SystemI::createSoundInternal             :     Format has 1 subsounds.
[LOG] SystemI::createSoundInternal             :     exinfo->suggestedsoundtype = 5
[LOG] SystemI::createSoundInternal             :     Create as FMOD_CREATESTREAM
[LOG] SystemI::createSoundInternal             :     exinfo->useropen           = 00007FFA42EE5130
[LOG] System::createSoundInternal              :     decode buffersize = 19200 : blocksize = 256 : format = 2
[LOG] SystemI::createSoundInternal             :     exinfo->userclose          = 00007FFA42EE5100
[LOG] SystemI::createSample                    :     mode 02010082 length 19200 samples, lengthbytes 565728
[LOG] SystemI::createSoundInternal             :     exinfo->userread           = 00007FFA42EE5200
[LOG] SystemI::createSample                    :     channels = 2
[LOG] SystemI::createSoundInternal             :     exinfo->userseek           = 00007FFA42EE52B0
[LOG] SystemI::createSample                    :     output = 000000002DCB8498
[LOG] SystemI::createSoundInternal             :     exinfo->fileuserdata       = 000000002DB485B8
[LOG] OutputSoftware::createSample             :     lengthpcm 19200, lengthbytes 565728, channels 2, format 2, freq 48000, mode 0201008a
[LOG] SystemI::createSoundInternal             :     exinfo->initialseekpostype = 1
[LOG] System::createSoundInternal              :     1 subsounds detected.
[LOG] SystemI::createSoundInternal             :     Format has 1 subsounds.
[LOG] System::createSoundInternal              :     Seek stream to start
[LOG] SystemI::createSoundInternal             :     Create as FMOD_CREATESAMPLE
[LOG] SystemI::createSoundInternal             :     Multi-sample sound (1 subsounds), create a sample container.
[LOG] SystemI::createSoundInternal             :     creating subsound 0/1
[LOG] SystemI::createSample                    :     mode 02000202 length 120000 samples, lengthbytes 21536
[LOG] SystemI::createSample                    :     channels = 2
[LOG] SystemI::createSample                    :     output = 000000002DCB8498
[LOG] OutputSoftware::createSample             :     lengthpcm 120000, lengthbytes 21536, channels 2, format 2, freq 48000, mode 0200020a
[LOG] SystemI::createSoundInternal             :     No name found in file, use filename.
[LOG] SystemI::createSoundInternal             :     done.  OpenState now = FMOD_OPENSTATE_READY.

[LOG] System::createSoundInternal              :     flush stream buffer
[LOG] System::createSoundInternal              :     flush successful.
[LOG] System::createSoundInternal              :     switch file handle from small blocking single buffered to large nonblocking doublebuffered.
[LOG] SystemI::createSoundInternal             :     done.  OpenState now = FMOD_OPENSTATE_READY.

[LOG] AsyncThread::threadFunc                  : Finished Asynchronous operation on sound 000000001656A4A8
[LOG] SoundI::getSubSound                      : sound 000000001656A4A8.  Subsound index 0 / 1
[LOG] SoundI::release                          : Menumusic (000000001656B1A8)
[LOG] SoundI::release                          : remove stream samples. (000000001656B1A8)
[LOG] SoundI::release                          :     Menumusic (000000002D36DD78)
[LOG] SoundI::release                          : release subsounds. (000000001656B1A8)
[LOG] SoundI::release                          :     Menumusic (000000001656BB68)
[LOG] SoundI::release                          : release codec. (000000001656B1A8)
[LOG] SoundI::release                          : FX (000000001656A4A8)
[LOG] SoundI::release                          : remove stream samples. (000000001656A4A8)
[LOG] SoundI::release                          :     FX (000000002D36D288)
[LOG] SoundI::release                          : release subsounds. (000000001656A4A8)
[LOG] SoundI::release                          :     FX (000000001656A7E8)
[LOG] SoundI::release                          : release codec. (000000001656A4A8)
[LOG] SoundI::release                          :  (00000000115939B8)
[LOG] SoundI::release                          : release subsounds. (00000000115939B8)
[LOG] SoundI::release                          :     Btn_Launch (000000002D36E228)
[LOG] SoundI::release                          : release codec. (00000000115939B8)
[LOG] SoundI::release                          :  (0000000011594F48)
[LOG] SoundI::release                          : release subsounds. (0000000011594F48)
[LOG] SoundI::release                          :     Btn_Join_Norm (000000002D36BB18)
[LOG] SoundI::release                          : release codec. (0000000011594F48)
[LOG] SoundI::release                          :  (0000000011593E08)
[LOG] SoundI::release                          : release subsounds. (0000000011593E08)
[LOG] SoundI::release                          :     Keys_SelecOK (000000002DA3A068)
[LOG] SoundI::release                          : release codec. (0000000011593E08)
[LOG] SoundI::release                          :  (00000000115940E8)
[LOG] SoundI::release                          : release subsounds. (00000000115940E8)
[LOG] SoundI::release                          :     Bass_SelecOK (000000002D36C158)
[LOG] SoundI::release                          : release codec. (00000000115940E8)
[LOG] SoundI::release                          :  (0000000011593C98)
[LOG] SoundI::release                          : release subsounds. (0000000011593C98)
[LOG] SoundI::release                          :     Lead_SelecOK (000000002DA3A9C8)
[LOG] SoundI::release                          : release codec. (0000000011593C98)
[LOG] SoundI::release                          :  (0000000011593568)
[LOG] SoundI::release                          : release subsounds. (0000000011593568)
[LOG] SoundI::release                          :     Drum_SelecOK (000000002D36C2E8)
[LOG] SoundI::release                          : release codec. (0000000011593568)
[LOG] SoundI::release                          :  (0000000011594C68)
[LOG] SoundI::release                          : release subsounds. (0000000011594C68)
[LOG] SoundI::release                          :     Btn_Play_Norm (000000002D36D5A8)
[LOG] SoundI::release                          : release codec. (0000000011594C68)
[LOG] Thread::callback                         : * FMOD Studio update thread finished
[LOG] Thread::close                            : FMOD Studio update thread thread destroyed
[LOG] Thread::callback                         : * FMOD Studio bank load thread finished
[LOG] Thread::close                            : FMOD Studio bank load thread thread destroyed
[LOG] Profile::disconnectAll                   : Profiler disconnecting all clients
[LOG] Thread::callback                         : * FMOD Studio sample load thread finished
[LOG] Thread::close                            : FMOD Studio sample load thread thread destroyed
[LOG] LiveUpdate::release                      : 
[LOG] LiveUpdate::reset                        : Reset connection (reason Disconnected)
[LOG] SystemI::close                           : 
[LOG] SystemI::close                           : Stop all sounds
[LOG] Thread::callback                         : * FMOD stream thread finished
[LOG] Thread::close                            : FMOD stream thread thread destroyed
[LOG] SystemI::close                           : Stream thread destroyed
[LOG] Thread::callback                         : * FMOD mixer thread finished
[LOG] Thread::close                            : FMOD mixer thread thread destroyed
[LOG] SystemI::close                           : Free master channel group.
[LOG] SystemI::close                           : Remove 'master' sound group.
[LOG] SystemI::close                           : Free software output.
[LOG] SystemI::close                           : Free emulated output.
[LOG] SystemI::close                           : Free channel pool.
[LOG] Thread::callback                         : * FMOD nonblocking thread (0) finished
[LOG] Thread::close                            : FMOD nonblocking thread (0) thread destroyed
[LOG] Thread::callback                         : * FMOD file thread finished
[LOG] Thread::close                            : FMOD file thread thread destroyed
[LOG] SystemI::close                           : done.

